<?xml version="1.0" encoding="UTF-8"?>
<!-- Generated by org.testng.reporters.JUnitReportReporter -->
<testsuite skipped="0" hostname="DESKTOP-3CHMCE1" name="by.htp.library.dao.BookDaoTest" tests="2" failures="0" timestamp="05 апр 2018 20:32:53 GMT" time="0.020" errors="0">
  <testcase name="testRecievedCorrectBookCount" time="0.013" classname="by.htp.library.dao.BookDaoTest"/>
  <testcase name="testGetBookByTitle" time="0.007" classname="by.htp.library.dao.BookDaoTest"/>
</testsuite> <!-- by.htp.library.dao.BookDaoTest -->
