<?xml version="1.0" encoding="UTF-8"?>
<!-- Generated by org.testng.reporters.JUnitReportReporter -->
<testsuite skipped="0" hostname="DESKTOP-3CHMCE1" name="by.htp.library.example.MailRuLogin" tests="1" failures="0" timestamp="11 апр 2018 18:09:32 GMT" time="14.695" errors="0">
  <testcase name="loginTest" time="14.695" classname="by.htp.library.example.MailRuLogin"/>
</testsuite> <!-- by.htp.library.example.MailRuLogin -->
