<?xml version="1.0" encoding="UTF-8"?>
<!-- Generated by org.testng.reporters.JUnitReportReporter -->
<testsuite skipped="0" hostname="DESKTOP-3CHMCE1" name="by.htp.library.example.MailRuSendEmailTest" tests="1" failures="0" timestamp="13 апр 2018 09:50:01 GMT" time="12.355" errors="0">
  <testcase name="backAndForwardTest" time="12.355" classname="by.htp.library.example.MailRuSendEmailTest"/>
</testsuite> <!-- by.htp.library.example.MailRuSendEmailTest -->
