<?xml version="1.0" encoding="UTF-8"?>
<!-- Generated by org.testng.reporters.JUnitReportReporter -->
<testsuite skipped="0" hostname="DESKTOP-3CHMCE1" name="by.htp.library.example.OzByGrabber" tests="1" failures="0" timestamp="08 апр 2018 09:34:34 GMT" time="12.278" errors="0">
  <testcase name="test2" time="12.278" classname="by.htp.library.example.OzByGrabber"/>
</testsuite> <!-- by.htp.library.example.OzByGrabber -->
