<?xml version="1.0" encoding="UTF-8"?>
<!-- Generated by org.testng.reporters.JUnitReportReporter -->
<testsuite skipped="0" hostname="DESKTOP-3CHMCE1" name="by.htp.library.dao.EmployeeDaoTest" tests="2" failures="0" timestamp="05 апр 2018 20:32:53 GMT" time="0.024" errors="0">
  <testcase name="testRecievedCorrectEmployeeCount" time="0.009" classname="by.htp.library.dao.EmployeeDaoTest"/>
  <testcase name="testGetEmployeeBySurname" time="0.015" classname="by.htp.library.dao.EmployeeDaoTest"/>
</testsuite> <!-- by.htp.library.dao.EmployeeDaoTest -->
